<?xml version="1.0" encoding="UTF-8"?>
<!-- Generated by org.testng.reporters.JUnitReportReporter -->
<testsuite hostname="INBLRWHFD10KWT2" failures="0" tests="1" name="demoTestNG.parallelExecutionTestNG" time="0.008" errors="0" timestamp="09 Aug 2019 14:00:16 GMT" skipped="0">
  <testcase classname="demoTestNG.parallelExecutionTestNG" name="f" time="0.008"/>
</testsuite> <!-- demoTestNG.parallelExecutionTestNG -->
